<?xml version="1.0" encoding="utf-8"?><testsuites><testsuite name="pytest" errors="0" failures="0" skipped="0" tests="5" time="0.391" timestamp="2023-03-17T19:55:20.178240" hostname="LAPTOP-AL4STTOA"><testcase classname="tests.test_bytebank.TestClass" name="test_quando_idade_13_03_2000_deve_retornar_23" time="0.004" /><testcase classname="tests.test_bytebank.TestClass" name="test_quando_sobrenome_recebe_Lucas_Carvalho_deve_retornar_Carvalho" time="0.001" /><testcase classname="tests.test_bytebank.TestClass" name="test_quando_decresscimo_salario_recebe_100000_retorna_90000" time="0.001" /><testcase classname="tests.test_bytebank.TestClass" name="test_quando_calcular_bonus_recebe_100_deve_retorna_100" time="0.002" /><testcase classname="tests.test_bytebank.TestClass" name="test_quando_calcular_bonus_recebe_10000000_deve_retornar_exception" time="0.005" /></testsuite></testsuites>